<?xml version="1.0" encoding="UTF-8"?>
<testng-results skipped="0" failed="2" ignored="0" total="2" passed="0">
  <reporter-output>
  </reporter-output>
  <suite name="Default suite" duration-ms="9570" started-at="2021-08-15T05:28:38Z" finished-at="2021-08-15T05:28:47Z">
    <groups>
      <group name="cucumber">
        <method signature="AbstractTestNGCucumberTests.runScenario(io.cucumber.testng.PickleWrapper, io.cucumber.testng.FeatureWrapper)[pri:0, instance:stepDefinations.RunnerTest@31dc339b]" name="runScenario" class="io.cucumber.testng.AbstractTestNGCucumberTests"/>
      </group> <!-- cucumber -->
    </groups>
    <test name="Default test" duration-ms="9570" started-at="2021-08-15T05:28:38Z" finished-at="2021-08-15T05:28:47Z">
      <class name="stepDefinations.RunnerTest">
        <test-method status="PASS" signature="setUpClass()[pri:0, instance:stepDefinations.RunnerTest@31dc339b]" name="setUpClass" is-config="true" duration-ms="700" started-at="2021-08-15T05:28:38Z" finished-at="2021-08-15T05:28:38Z">
          <reporter-output>
          </reporter-output>
        </test-method> <!-- setUpClass -->
        <test-method status="FAIL" signature="runScenario(io.cucumber.testng.PickleWrapper, io.cucumber.testng.FeatureWrapper)[pri:0, instance:stepDefinations.RunnerTest@31dc339b]" name="runScenario" duration-ms="8778" started-at="2021-08-15T05:28:38Z" description="Runs Cucumber Scenarios" data-provider="scenarios" finished-at="2021-08-15T05:28:47Z">
          <params>
            <param index="0">
              <value>
                <![CDATA["Registering with multiple users"]]>
              </value>
            </param>
            <param index="1">
              <value>
                <![CDATA["Optional[Customer Registration]"]]>
              </value>
            </param>
          </params>
          <exception class="java.lang.NullPointerException">
            <full-stacktrace>
              <![CDATA[java.lang.NullPointerException
at stepDefinations.StepImplementation.tearDown(StepImplementation.java:64)
]]>
            </full-stacktrace>
          </exception> <!-- java.lang.NullPointerException -->
          <reporter-output>
          </reporter-output>
        </test-method> <!-- runScenario -->
        <test-method status="FAIL" signature="runScenario(io.cucumber.testng.PickleWrapper, io.cucumber.testng.FeatureWrapper)[pri:0, instance:stepDefinations.RunnerTest@31dc339b]" name="runScenario" duration-ms="8794" started-at="2021-08-15T05:28:38Z" description="Runs Cucumber Scenarios" data-provider="scenarios" finished-at="2021-08-15T05:28:47Z">
          <params>
            <param index="0">
              <value>
                <![CDATA["Registering with multiple users"]]>
              </value>
            </param>
            <param index="1">
              <value>
                <![CDATA["Optional[Customer Registration]"]]>
              </value>
            </param>
          </params>
          <exception class="org.openqa.selenium.StaleElementReferenceException">
            <message>
              <![CDATA[stale element reference: element is not attached to the page document
  (Session info: chrome=92.0.4515.131)
For documentation on this error, please visit: https://www.seleniumhq.org/exceptions/stale_element_reference.html
Build info: version: '3.141.59', revision: 'e82be7d358', time: '2018-11-14T08:17:03'
System info: host: 'LAPTOP-70II5R9C', ip: '192.168.1.4', os.name: 'Windows 10', os.arch: 'amd64', os.version: '10.0', java.version: '1.8.0_191'
Driver info: org.openqa.selenium.chrome.ChromeDriver
Capabilities {acceptInsecureCerts: false, browserName: chrome, browserVersion: 92.0.4515.131, chrome: {chromedriverVersion: 92.0.4515.107 (87a818b10553..., userDataDir: C:\Users\Murthy\AppData\Loc...}, goog:chromeOptions: {debuggerAddress: localhost:50726}, javascriptEnabled: true, networkConnectionEnabled: false, pageLoadStrategy: normal, platform: WINDOWS, platformName: WINDOWS, proxy: Proxy(), setWindowRect: true, strictFileInteractability: false, timeouts: {implicit: 0, pageLoad: 300000, script: 30000}, unhandledPromptBehavior: dismiss and notify, webauthn:extension:credBlob: true, webauthn:extension:largeBlob: true, webauthn:virtualAuthenticators: true}
Session ID: 96ea3bd0a6482df1a2904339e69140c2]]>
            </message>
            <full-stacktrace>
              <![CDATA[org.openqa.selenium.StaleElementReferenceException: stale element reference: element is not attached to the page document
  (Session info: chrome=92.0.4515.131)
For documentation on this error, please visit: https://www.seleniumhq.org/exceptions/stale_element_reference.html
Build info: version: '3.141.59', revision: 'e82be7d358', time: '2018-11-14T08:17:03'
System info: host: 'LAPTOP-70II5R9C', ip: '192.168.1.4', os.name: 'Windows 10', os.arch: 'amd64', os.version: '10.0', java.version: '1.8.0_191'
Driver info: org.openqa.selenium.chrome.ChromeDriver
Capabilities {acceptInsecureCerts: false, browserName: chrome, browserVersion: 92.0.4515.131, chrome: {chromedriverVersion: 92.0.4515.107 (87a818b10553..., userDataDir: C:\Users\Murthy\AppData\Loc...}, goog:chromeOptions: {debuggerAddress: localhost:50726}, javascriptEnabled: true, networkConnectionEnabled: false, pageLoadStrategy: normal, platform: WINDOWS, platformName: WINDOWS, proxy: Proxy(), setWindowRect: true, strictFileInteractability: false, timeouts: {implicit: 0, pageLoad: 300000, script: 30000}, unhandledPromptBehavior: dismiss and notify, webauthn:extension:credBlob: true, webauthn:extension:largeBlob: true, webauthn:virtualAuthenticators: true}
Session ID: 96ea3bd0a6482df1a2904339e69140c2
at sun.reflect.NativeConstructorAccessorImpl.newInstance0(Native Method)
at sun.reflect.NativeConstructorAccessorImpl.newInstance(Unknown Source)
at sun.reflect.DelegatingConstructorAccessorImpl.newInstance(Unknown Source)
at java.lang.reflect.Constructor.newInstance(Unknown Source)
at org.openqa.selenium.remote.http.W3CHttpResponseCodec.createException(W3CHttpResponseCodec.java:187)
at org.openqa.selenium.remote.http.W3CHttpResponseCodec.decode(W3CHttpResponseCodec.java:122)
at org.openqa.selenium.remote.http.W3CHttpResponseCodec.decode(W3CHttpResponseCodec.java:49)
at org.openqa.selenium.remote.HttpCommandExecutor.execute(HttpCommandExecutor.java:158)
at org.openqa.selenium.remote.service.DriverCommandExecutor.execute(DriverCommandExecutor.java:83)
at org.openqa.selenium.remote.RemoteWebDriver.execute(RemoteWebDriver.java:552)
at org.openqa.selenium.remote.RemoteWebElement.execute(RemoteWebElement.java:285)
at org.openqa.selenium.remote.RemoteWebElement.submit(RemoteWebElement.java:88)
at pages.CustomerRegPageObject.submit(CustomerRegPageObject.java:40)
at stepDefinations.CustomerRegStepdefination.i_click_submit_button(CustomerRegStepdefination.java:61)
at ✽.I click submit button(classpath:stepDefinations/CustomerRegistration.feature:12)
]]>
            </full-stacktrace>
          </exception> <!-- org.openqa.selenium.StaleElementReferenceException -->
          <reporter-output>
          </reporter-output>
        </test-method> <!-- runScenario -->
        <test-method status="PASS" signature="tearDownClass()[pri:0, instance:stepDefinations.RunnerTest@31dc339b]" name="tearDownClass" is-config="true" duration-ms="24" started-at="2021-08-15T05:28:47Z" finished-at="2021-08-15T05:28:47Z">
          <reporter-output>
          </reporter-output>
        </test-method> <!-- tearDownClass -->
      </class> <!-- stepDefinations.RunnerTest -->
    </test> <!-- Default test -->
  </suite> <!-- Default suite -->
</testng-results>
